<?xml version="1.0" encoding="UTF-8"?>
<testng-results skipped="0" failed="0" ignored="0" total="1" passed="1">
  <reporter-output>
  </reporter-output>
  <suite name="Test Maven Suite" duration-ms="19235" started-at="2020-05-31T21:07:49 IST" finished-at="2020-05-31T21:08:08 IST">
    <groups>
    </groups>
    <test name="Test Maven Testing " duration-ms="19235" started-at="2020-05-31T21:07:49 IST" finished-at="2020-05-31T21:08:08 IST">
      <class name="com.test.LoginTest">
        <test-method status="PASS" signature="LoginTitle()[pri:0, instance:com.test.LoginTest@6adede5]" name="LoginTitle" duration-ms="19205" started-at="2020-05-31T21:07:49 IST" finished-at="2020-05-31T21:08:08 IST">
          <reporter-output>
          </reporter-output>
        </test-method> <!-- LoginTitle -->
      </class> <!-- com.test.LoginTest -->
    </test> <!-- Test Maven Testing  -->
  </suite> <!-- Test Maven Suite -->
</testng-results>
